[07-Sep-2016 08:53:00 America/New_York] PHP Warning:  include(/head_css.php): failed to open stream: No such file or directory in E:\dev\ucdevsolutions\products\finesse.php on line 3
[07-Sep-2016 08:53:00 America/New_York] PHP Warning:  include(): Failed opening '/head_css.php' for inclusion (include_path='.;C:\php\PEAR') in E:\dev\ucdevsolutions\products\finesse.php on line 3
[07-Sep-2016 08:53:00 America/New_York] PHP Warning:  include(/alternate_multi_header.php): failed to open stream: No such file or directory in E:\dev\ucdevsolutions\products\finesse.php on line 6
[07-Sep-2016 08:53:00 America/New_York] PHP Warning:  include(): Failed opening '/alternate_multi_header.php' for inclusion (include_path='.;C:\php\PEAR') in E:\dev\ucdevsolutions\products\finesse.php on line 6
[07-Sep-2016 08:53:00 America/New_York] PHP Warning:  include(/footer.php): failed to open stream: No such file or directory in E:\dev\ucdevsolutions\products\finesse.php on line 73
[07-Sep-2016 08:53:00 America/New_York] PHP Warning:  include(): Failed opening '/footer.php' for inclusion (include_path='.;C:\php\PEAR') in E:\dev\ucdevsolutions\products\finesse.php on line 73
[07-Sep-2016 08:53:00 America/New_York] PHP Warning:  include(/javascript.php): failed to open stream: No such file or directory in E:\dev\ucdevsolutions\products\finesse.php on line 74
[07-Sep-2016 08:53:00 America/New_York] PHP Warning:  include(): Failed opening '/javascript.php' for inclusion (include_path='.;C:\php\PEAR') in E:\dev\ucdevsolutions\products\finesse.php on line 74
[07-Sep-2016 08:53:14 America/New_York] PHP Warning:  include(\head_css.php): failed to open stream: No such file or directory in E:\dev\ucdevsolutions\products\finesse.php on line 3
[07-Sep-2016 08:53:14 America/New_York] PHP Warning:  include(): Failed opening '\head_css.php' for inclusion (include_path='.;C:\php\PEAR') in E:\dev\ucdevsolutions\products\finesse.php on line 3
[07-Sep-2016 08:53:14 America/New_York] PHP Warning:  include(\alternate_multi_header.php): failed to open stream: No such file or directory in E:\dev\ucdevsolutions\products\finesse.php on line 6
[07-Sep-2016 08:53:14 America/New_York] PHP Warning:  include(): Failed opening '\alternate_multi_header.php' for inclusion (include_path='.;C:\php\PEAR') in E:\dev\ucdevsolutions\products\finesse.php on line 6
[07-Sep-2016 08:53:14 America/New_York] PHP Warning:  include(/footer.php): failed to open stream: No such file or directory in E:\dev\ucdevsolutions\products\finesse.php on line 73
[07-Sep-2016 08:53:14 America/New_York] PHP Warning:  include(): Failed opening '/footer.php' for inclusion (include_path='.;C:\php\PEAR') in E:\dev\ucdevsolutions\products\finesse.php on line 73
[07-Sep-2016 08:53:14 America/New_York] PHP Warning:  include(/javascript.php): failed to open stream: No such file or directory in E:\dev\ucdevsolutions\products\finesse.php on line 74
[07-Sep-2016 08:53:14 America/New_York] PHP Warning:  include(): Failed opening '/javascript.php' for inclusion (include_path='.;C:\php\PEAR') in E:\dev\ucdevsolutions\products\finesse.php on line 74
[07-Sep-2016 08:53:15 America/New_York] PHP Warning:  include(\head_css.php): failed to open stream: No such file or directory in E:\dev\ucdevsolutions\products\finesse.php on line 3
[07-Sep-2016 08:53:15 America/New_York] PHP Warning:  include(): Failed opening '\head_css.php' for inclusion (include_path='.;C:\php\PEAR') in E:\dev\ucdevsolutions\products\finesse.php on line 3
[07-Sep-2016 08:53:15 America/New_York] PHP Warning:  include(\alternate_multi_header.php): failed to open stream: No such file or directory in E:\dev\ucdevsolutions\products\finesse.php on line 6
[07-Sep-2016 08:53:15 America/New_York] PHP Warning:  include(): Failed opening '\alternate_multi_header.php' for inclusion (include_path='.;C:\php\PEAR') in E:\dev\ucdevsolutions\products\finesse.php on line 6
[07-Sep-2016 08:53:15 America/New_York] PHP Warning:  include(/footer.php): failed to open stream: No such file or directory in E:\dev\ucdevsolutions\products\finesse.php on line 73
[07-Sep-2016 08:53:15 America/New_York] PHP Warning:  include(): Failed opening '/footer.php' for inclusion (include_path='.;C:\php\PEAR') in E:\dev\ucdevsolutions\products\finesse.php on line 73
[07-Sep-2016 08:53:15 America/New_York] PHP Warning:  include(/javascript.php): failed to open stream: No such file or directory in E:\dev\ucdevsolutions\products\finesse.php on line 74
[07-Sep-2016 08:53:15 America/New_York] PHP Warning:  include(): Failed opening '/javascript.php' for inclusion (include_path='.;C:\php\PEAR') in E:\dev\ucdevsolutions\products\finesse.php on line 74
[07-Sep-2016 08:53:25 America/New_York] PHP Warning:  include(./head_css.php): failed to open stream: No such file or directory in E:\dev\ucdevsolutions\products\finesse.php on line 3
[07-Sep-2016 08:53:25 America/New_York] PHP Warning:  include(): Failed opening './head_css.php' for inclusion (include_path='.;C:\php\PEAR') in E:\dev\ucdevsolutions\products\finesse.php on line 3
[07-Sep-2016 08:53:25 America/New_York] PHP Warning:  include(./alternate_multi_header.php): failed to open stream: No such file or directory in E:\dev\ucdevsolutions\products\finesse.php on line 6
[07-Sep-2016 08:53:25 America/New_York] PHP Warning:  include(): Failed opening './alternate_multi_header.php' for inclusion (include_path='.;C:\php\PEAR') in E:\dev\ucdevsolutions\products\finesse.php on line 6
[07-Sep-2016 08:53:25 America/New_York] PHP Warning:  include(/footer.php): failed to open stream: No such file or directory in E:\dev\ucdevsolutions\products\finesse.php on line 73
[07-Sep-2016 08:53:25 America/New_York] PHP Warning:  include(): Failed opening '/footer.php' for inclusion (include_path='.;C:\php\PEAR') in E:\dev\ucdevsolutions\products\finesse.php on line 73
[07-Sep-2016 08:53:25 America/New_York] PHP Warning:  include(/javascript.php): failed to open stream: No such file or directory in E:\dev\ucdevsolutions\products\finesse.php on line 74
[07-Sep-2016 08:53:25 America/New_York] PHP Warning:  include(): Failed opening '/javascript.php' for inclusion (include_path='.;C:\php\PEAR') in E:\dev\ucdevsolutions\products\finesse.php on line 74
[07-Sep-2016 08:53:26 America/New_York] PHP Warning:  include(./head_css.php): failed to open stream: No such file or directory in E:\dev\ucdevsolutions\products\finesse.php on line 3
[07-Sep-2016 08:53:26 America/New_York] PHP Warning:  include(): Failed opening './head_css.php' for inclusion (include_path='.;C:\php\PEAR') in E:\dev\ucdevsolutions\products\finesse.php on line 3
[07-Sep-2016 08:53:26 America/New_York] PHP Warning:  include(./alternate_multi_header.php): failed to open stream: No such file or directory in E:\dev\ucdevsolutions\products\finesse.php on line 6
[07-Sep-2016 08:53:26 America/New_York] PHP Warning:  include(): Failed opening './alternate_multi_header.php' for inclusion (include_path='.;C:\php\PEAR') in E:\dev\ucdevsolutions\products\finesse.php on line 6
[07-Sep-2016 08:53:26 America/New_York] PHP Warning:  include(/footer.php): failed to open stream: No such file or directory in E:\dev\ucdevsolutions\products\finesse.php on line 73
[07-Sep-2016 08:53:26 America/New_York] PHP Warning:  include(): Failed opening '/footer.php' for inclusion (include_path='.;C:\php\PEAR') in E:\dev\ucdevsolutions\products\finesse.php on line 73
[07-Sep-2016 08:53:26 America/New_York] PHP Warning:  include(/javascript.php): failed to open stream: No such file or directory in E:\dev\ucdevsolutions\products\finesse.php on line 74
[07-Sep-2016 08:53:26 America/New_York] PHP Warning:  include(): Failed opening '/javascript.php' for inclusion (include_path='.;C:\php\PEAR') in E:\dev\ucdevsolutions\products\finesse.php on line 74
[07-Sep-2016 08:53:26 America/New_York] PHP Warning:  include(./head_css.php): failed to open stream: No such file or directory in E:\dev\ucdevsolutions\products\finesse.php on line 3
[07-Sep-2016 08:53:26 America/New_York] PHP Warning:  include(): Failed opening './head_css.php' for inclusion (include_path='.;C:\php\PEAR') in E:\dev\ucdevsolutions\products\finesse.php on line 3
[07-Sep-2016 08:53:26 America/New_York] PHP Warning:  include(./alternate_multi_header.php): failed to open stream: No such file or directory in E:\dev\ucdevsolutions\products\finesse.php on line 6
[07-Sep-2016 08:53:26 America/New_York] PHP Warning:  include(): Failed opening './alternate_multi_header.php' for inclusion (include_path='.;C:\php\PEAR') in E:\dev\ucdevsolutions\products\finesse.php on line 6
[07-Sep-2016 08:53:26 America/New_York] PHP Warning:  include(/footer.php): failed to open stream: No such file or directory in E:\dev\ucdevsolutions\products\finesse.php on line 73
[07-Sep-2016 08:53:26 America/New_York] PHP Warning:  include(): Failed opening '/footer.php' for inclusion (include_path='.;C:\php\PEAR') in E:\dev\ucdevsolutions\products\finesse.php on line 73
[07-Sep-2016 08:53:26 America/New_York] PHP Warning:  include(/javascript.php): failed to open stream: No such file or directory in E:\dev\ucdevsolutions\products\finesse.php on line 74
[07-Sep-2016 08:53:26 America/New_York] PHP Warning:  include(): Failed opening '/javascript.php' for inclusion (include_path='.;C:\php\PEAR') in E:\dev\ucdevsolutions\products\finesse.php on line 74
[07-Sep-2016 08:53:26 America/New_York] PHP Warning:  include(./head_css.php): failed to open stream: No such file or directory in E:\dev\ucdevsolutions\products\finesse.php on line 3
[07-Sep-2016 08:53:26 America/New_York] PHP Warning:  include(): Failed opening './head_css.php' for inclusion (include_path='.;C:\php\PEAR') in E:\dev\ucdevsolutions\products\finesse.php on line 3
[07-Sep-2016 08:53:26 America/New_York] PHP Warning:  include(./alternate_multi_header.php): failed to open stream: No such file or directory in E:\dev\ucdevsolutions\products\finesse.php on line 6
[07-Sep-2016 08:53:26 America/New_York] PHP Warning:  include(): Failed opening './alternate_multi_header.php' for inclusion (include_path='.;C:\php\PEAR') in E:\dev\ucdevsolutions\products\finesse.php on line 6
[07-Sep-2016 08:53:26 America/New_York] PHP Warning:  include(/footer.php): failed to open stream: No such file or directory in E:\dev\ucdevsolutions\products\finesse.php on line 73
[07-Sep-2016 08:53:26 America/New_York] PHP Warning:  include(): Failed opening '/footer.php' for inclusion (include_path='.;C:\php\PEAR') in E:\dev\ucdevsolutions\products\finesse.php on line 73
[07-Sep-2016 08:53:26 America/New_York] PHP Warning:  include(/javascript.php): failed to open stream: No such file or directory in E:\dev\ucdevsolutions\products\finesse.php on line 74
[07-Sep-2016 08:53:26 America/New_York] PHP Warning:  include(): Failed opening '/javascript.php' for inclusion (include_path='.;C:\php\PEAR') in E:\dev\ucdevsolutions\products\finesse.php on line 74
[07-Sep-2016 08:53:52 America/New_York] PHP Warning:  include(/head_css.php): failed to open stream: No such file or directory in E:\dev\ucdevsolutions\products\finesse.php on line 3
[07-Sep-2016 08:53:52 America/New_York] PHP Warning:  include(): Failed opening '/head_css.php' for inclusion (include_path='.;C:\php\PEAR') in E:\dev\ucdevsolutions\products\finesse.php on line 3
[07-Sep-2016 08:53:52 America/New_York] PHP Warning:  include(/alternate_multi_header.php): failed to open stream: No such file or directory in E:\dev\ucdevsolutions\products\finesse.php on line 6
[07-Sep-2016 08:53:52 America/New_York] PHP Warning:  include(): Failed opening '/alternate_multi_header.php' for inclusion (include_path='.;C:\php\PEAR') in E:\dev\ucdevsolutions\products\finesse.php on line 6
[07-Sep-2016 08:53:52 America/New_York] PHP Warning:  include(/footer.php): failed to open stream: No such file or directory in E:\dev\ucdevsolutions\products\finesse.php on line 73
[07-Sep-2016 08:53:52 America/New_York] PHP Warning:  include(): Failed opening '/footer.php' for inclusion (include_path='.;C:\php\PEAR') in E:\dev\ucdevsolutions\products\finesse.php on line 73
[07-Sep-2016 08:53:52 America/New_York] PHP Warning:  include(/javascript.php): failed to open stream: No such file or directory in E:\dev\ucdevsolutions\products\finesse.php on line 74
[07-Sep-2016 08:53:52 America/New_York] PHP Warning:  include(): Failed opening '/javascript.php' for inclusion (include_path='.;C:\php\PEAR') in E:\dev\ucdevsolutions\products\finesse.php on line 74
[07-Sep-2016 08:53:52 America/New_York] PHP Warning:  include(/head_css.php): failed to open stream: No such file or directory in E:\dev\ucdevsolutions\products\finesse.php on line 3
[07-Sep-2016 08:53:52 America/New_York] PHP Warning:  include(): Failed opening '/head_css.php' for inclusion (include_path='.;C:\php\PEAR') in E:\dev\ucdevsolutions\products\finesse.php on line 3
[07-Sep-2016 08:53:52 America/New_York] PHP Warning:  include(/alternate_multi_header.php): failed to open stream: No such file or directory in E:\dev\ucdevsolutions\products\finesse.php on line 6
[07-Sep-2016 08:53:52 America/New_York] PHP Warning:  include(): Failed opening '/alternate_multi_header.php' for inclusion (include_path='.;C:\php\PEAR') in E:\dev\ucdevsolutions\products\finesse.php on line 6
[07-Sep-2016 08:53:52 America/New_York] PHP Warning:  include(/footer.php): failed to open stream: No such file or directory in E:\dev\ucdevsolutions\products\finesse.php on line 73
[07-Sep-2016 08:53:52 America/New_York] PHP Warning:  include(): Failed opening '/footer.php' for inclusion (include_path='.;C:\php\PEAR') in E:\dev\ucdevsolutions\products\finesse.php on line 73
[07-Sep-2016 08:53:52 America/New_York] PHP Warning:  include(/javascript.php): failed to open stream: No such file or directory in E:\dev\ucdevsolutions\products\finesse.php on line 74
[07-Sep-2016 08:53:52 America/New_York] PHP Warning:  include(): Failed opening '/javascript.php' for inclusion (include_path='.;C:\php\PEAR') in E:\dev\ucdevsolutions\products\finesse.php on line 74
[07-Sep-2016 08:53:53 America/New_York] PHP Warning:  include(/head_css.php): failed to open stream: No such file or directory in E:\dev\ucdevsolutions\products\finesse.php on line 3
[07-Sep-2016 08:53:53 America/New_York] PHP Warning:  include(): Failed opening '/head_css.php' for inclusion (include_path='.;C:\php\PEAR') in E:\dev\ucdevsolutions\products\finesse.php on line 3
[07-Sep-2016 08:53:53 America/New_York] PHP Warning:  include(/alternate_multi_header.php): failed to open stream: No such file or directory in E:\dev\ucdevsolutions\products\finesse.php on line 6
[07-Sep-2016 08:53:53 America/New_York] PHP Warning:  include(): Failed opening '/alternate_multi_header.php' for inclusion (include_path='.;C:\php\PEAR') in E:\dev\ucdevsolutions\products\finesse.php on line 6
[07-Sep-2016 08:53:53 America/New_York] PHP Warning:  include(/footer.php): failed to open stream: No such file or directory in E:\dev\ucdevsolutions\products\finesse.php on line 73
[07-Sep-2016 08:53:53 America/New_York] PHP Warning:  include(): Failed opening '/footer.php' for inclusion (include_path='.;C:\php\PEAR') in E:\dev\ucdevsolutions\products\finesse.php on line 73
[07-Sep-2016 08:53:53 America/New_York] PHP Warning:  include(/javascript.php): failed to open stream: No such file or directory in E:\dev\ucdevsolutions\products\finesse.php on line 74
[07-Sep-2016 08:53:53 America/New_York] PHP Warning:  include(): Failed opening '/javascript.php' for inclusion (include_path='.;C:\php\PEAR') in E:\dev\ucdevsolutions\products\finesse.php on line 74
[07-Sep-2016 08:53:53 America/New_York] PHP Warning:  include(/head_css.php): failed to open stream: No such file or directory in E:\dev\ucdevsolutions\products\finesse.php on line 3
[07-Sep-2016 08:53:53 America/New_York] PHP Warning:  include(): Failed opening '/head_css.php' for inclusion (include_path='.;C:\php\PEAR') in E:\dev\ucdevsolutions\products\finesse.php on line 3
[07-Sep-2016 08:53:53 America/New_York] PHP Warning:  include(/alternate_multi_header.php): failed to open stream: No such file or directory in E:\dev\ucdevsolutions\products\finesse.php on line 6
[07-Sep-2016 08:53:53 America/New_York] PHP Warning:  include(): Failed opening '/alternate_multi_header.php' for inclusion (include_path='.;C:\php\PEAR') in E:\dev\ucdevsolutions\products\finesse.php on line 6
[07-Sep-2016 08:53:53 America/New_York] PHP Warning:  include(/footer.php): failed to open stream: No such file or directory in E:\dev\ucdevsolutions\products\finesse.php on line 73
[07-Sep-2016 08:53:53 America/New_York] PHP Warning:  include(): Failed opening '/footer.php' for inclusion (include_path='.;C:\php\PEAR') in E:\dev\ucdevsolutions\products\finesse.php on line 73
[07-Sep-2016 08:53:53 America/New_York] PHP Warning:  include(/javascript.php): failed to open stream: No such file or directory in E:\dev\ucdevsolutions\products\finesse.php on line 74
[07-Sep-2016 08:53:53 America/New_York] PHP Warning:  include(): Failed opening '/javascript.php' for inclusion (include_path='.;C:\php\PEAR') in E:\dev\ucdevsolutions\products\finesse.php on line 74
[07-Sep-2016 08:54:29 America/New_York] PHP Warning:  include(./head_css.php): failed to open stream: No such file or directory in E:\dev\ucdevsolutions\products\finesse.php on line 3
[07-Sep-2016 08:54:29 America/New_York] PHP Warning:  include(): Failed opening './head_css.php' for inclusion (include_path='.;C:\php\PEAR') in E:\dev\ucdevsolutions\products\finesse.php on line 3
[07-Sep-2016 08:54:29 America/New_York] PHP Warning:  include(./alternate_multi_header.php): failed to open stream: No such file or directory in E:\dev\ucdevsolutions\products\finesse.php on line 6
[07-Sep-2016 08:54:29 America/New_York] PHP Warning:  include(): Failed opening './alternate_multi_header.php' for inclusion (include_path='.;C:\php\PEAR') in E:\dev\ucdevsolutions\products\finesse.php on line 6
[07-Sep-2016 08:54:29 America/New_York] PHP Warning:  include(/footer.php): failed to open stream: No such file or directory in E:\dev\ucdevsolutions\products\finesse.php on line 73
[07-Sep-2016 08:54:29 America/New_York] PHP Warning:  include(): Failed opening '/footer.php' for inclusion (include_path='.;C:\php\PEAR') in E:\dev\ucdevsolutions\products\finesse.php on line 73
[07-Sep-2016 08:54:29 America/New_York] PHP Warning:  include(/javascript.php): failed to open stream: No such file or directory in E:\dev\ucdevsolutions\products\finesse.php on line 74
[07-Sep-2016 08:54:29 America/New_York] PHP Warning:  include(): Failed opening '/javascript.php' for inclusion (include_path='.;C:\php\PEAR') in E:\dev\ucdevsolutions\products\finesse.php on line 74
[07-Sep-2016 08:54:29 America/New_York] PHP Warning:  include(./head_css.php): failed to open stream: No such file or directory in E:\dev\ucdevsolutions\products\finesse.php on line 3
[07-Sep-2016 08:54:29 America/New_York] PHP Warning:  include(): Failed opening './head_css.php' for inclusion (include_path='.;C:\php\PEAR') in E:\dev\ucdevsolutions\products\finesse.php on line 3
[07-Sep-2016 08:54:29 America/New_York] PHP Warning:  include(./alternate_multi_header.php): failed to open stream: No such file or directory in E:\dev\ucdevsolutions\products\finesse.php on line 6
[07-Sep-2016 08:54:29 America/New_York] PHP Warning:  include(): Failed opening './alternate_multi_header.php' for inclusion (include_path='.;C:\php\PEAR') in E:\dev\ucdevsolutions\products\finesse.php on line 6
[07-Sep-2016 08:54:29 America/New_York] PHP Warning:  include(/footer.php): failed to open stream: No such file or directory in E:\dev\ucdevsolutions\products\finesse.php on line 73
[07-Sep-2016 08:54:29 America/New_York] PHP Warning:  include(): Failed opening '/footer.php' for inclusion (include_path='.;C:\php\PEAR') in E:\dev\ucdevsolutions\products\finesse.php on line 73
[07-Sep-2016 08:54:29 America/New_York] PHP Warning:  include(/javascript.php): failed to open stream: No such file or directory in E:\dev\ucdevsolutions\products\finesse.php on line 74
[07-Sep-2016 08:54:29 America/New_York] PHP Warning:  include(): Failed opening '/javascript.php' for inclusion (include_path='.;C:\php\PEAR') in E:\dev\ucdevsolutions\products\finesse.php on line 74
[07-Sep-2016 08:54:30 America/New_York] PHP Warning:  include(./head_css.php): failed to open stream: No such file or directory in E:\dev\ucdevsolutions\products\finesse.php on line 3
[07-Sep-2016 08:54:30 America/New_York] PHP Warning:  include(): Failed opening './head_css.php' for inclusion (include_path='.;C:\php\PEAR') in E:\dev\ucdevsolutions\products\finesse.php on line 3
[07-Sep-2016 08:54:30 America/New_York] PHP Warning:  include(./alternate_multi_header.php): failed to open stream: No such file or directory in E:\dev\ucdevsolutions\products\finesse.php on line 6
[07-Sep-2016 08:54:30 America/New_York] PHP Warning:  include(): Failed opening './alternate_multi_header.php' for inclusion (include_path='.;C:\php\PEAR') in E:\dev\ucdevsolutions\products\finesse.php on line 6
[07-Sep-2016 08:54:30 America/New_York] PHP Warning:  include(/footer.php): failed to open stream: No such file or directory in E:\dev\ucdevsolutions\products\finesse.php on line 73
[07-Sep-2016 08:54:30 America/New_York] PHP Warning:  include(): Failed opening '/footer.php' for inclusion (include_path='.;C:\php\PEAR') in E:\dev\ucdevsolutions\products\finesse.php on line 73
[07-Sep-2016 08:54:30 America/New_York] PHP Warning:  include(/javascript.php): failed to open stream: No such file or directory in E:\dev\ucdevsolutions\products\finesse.php on line 74
[07-Sep-2016 08:54:30 America/New_York] PHP Warning:  include(): Failed opening '/javascript.php' for inclusion (include_path='.;C:\php\PEAR') in E:\dev\ucdevsolutions\products\finesse.php on line 74
[07-Sep-2016 08:54:30 America/New_York] PHP Warning:  include(./head_css.php): failed to open stream: No such file or directory in E:\dev\ucdevsolutions\products\finesse.php on line 3
[07-Sep-2016 08:54:30 America/New_York] PHP Warning:  include(): Failed opening './head_css.php' for inclusion (include_path='.;C:\php\PEAR') in E:\dev\ucdevsolutions\products\finesse.php on line 3
[07-Sep-2016 08:54:30 America/New_York] PHP Warning:  include(./alternate_multi_header.php): failed to open stream: No such file or directory in E:\dev\ucdevsolutions\products\finesse.php on line 6
[07-Sep-2016 08:54:30 America/New_York] PHP Warning:  include(): Failed opening './alternate_multi_header.php' for inclusion (include_path='.;C:\php\PEAR') in E:\dev\ucdevsolutions\products\finesse.php on line 6
[07-Sep-2016 08:54:30 America/New_York] PHP Warning:  include(/footer.php): failed to open stream: No such file or directory in E:\dev\ucdevsolutions\products\finesse.php on line 73
[07-Sep-2016 08:54:30 America/New_York] PHP Warning:  include(): Failed opening '/footer.php' for inclusion (include_path='.;C:\php\PEAR') in E:\dev\ucdevsolutions\products\finesse.php on line 73
[07-Sep-2016 08:54:30 America/New_York] PHP Warning:  include(/javascript.php): failed to open stream: No such file or directory in E:\dev\ucdevsolutions\products\finesse.php on line 74
[07-Sep-2016 08:54:30 America/New_York] PHP Warning:  include(): Failed opening '/javascript.php' for inclusion (include_path='.;C:\php\PEAR') in E:\dev\ucdevsolutions\products\finesse.php on line 74
[07-Sep-2016 08:55:37 America/New_York] PHP Warning:  include(/footer.php): failed to open stream: No such file or directory in E:\dev\ucdevsolutions\products\finesse.php on line 73
[07-Sep-2016 08:55:37 America/New_York] PHP Warning:  include(): Failed opening '/footer.php' for inclusion (include_path='.;C:\php\PEAR') in E:\dev\ucdevsolutions\products\finesse.php on line 73
[07-Sep-2016 08:55:37 America/New_York] PHP Warning:  include(/javascript.php): failed to open stream: No such file or directory in E:\dev\ucdevsolutions\products\finesse.php on line 74
[07-Sep-2016 08:55:37 America/New_York] PHP Warning:  include(): Failed opening '/javascript.php' for inclusion (include_path='.;C:\php\PEAR') in E:\dev\ucdevsolutions\products\finesse.php on line 74
[07-Sep-2016 09:14:16 America/New_York] PHP Notice:  Undefined index: javascript.php in E:\dev\ucdevsolutions\javascript.php on line 17
[07-Sep-2016 09:21:05 America/New_York] PHP Notice:  Array to string conversion in E:\dev\ucdevsolutions\javascript.php on line 21
[07-Sep-2016 09:23:44 America/New_York] PHP Notice:  Array to string conversion in E:\dev\ucdevsolutions\javascript.php on line 23
[07-Sep-2016 09:24:21 America/New_York] PHP Notice:  Array to string conversion in E:\dev\ucdevsolutions\javascript.php on line 23
[07-Sep-2016 09:27:27 America/New_York] PHP Notice:  Array to string conversion in E:\dev\ucdevsolutions\javascript.php on line 22
[07-Sep-2016 09:27:51 America/New_York] PHP Notice:  Array to string conversion in E:\dev\ucdevsolutions\javascript.php on line 23
[07-Sep-2016 09:28:20 America/New_York] PHP Notice:  Array to string conversion in E:\dev\ucdevsolutions\javascript.php on line 22
[07-Sep-2016 09:33:52 America/New_York] PHP Notice:  Array to string conversion in E:\dev\ucdevsolutions\javascript.php on line 23
[20-Sep-2016 16:28:33 America/New_York] PHP Warning:  Cannot modify header information - headers already sent by (output started at E:\dev\ucdevsolutions\alternate_multi_header.php:47) in E:\dev\ucdevsolutions\intelevue_sections\alternate_section1_video.php on line 4
[20-Sep-2016 16:28:33 America/New_York] PHP Warning:  Cannot modify header information - headers already sent by (output started at E:\dev\ucdevsolutions\alternate_multi_header.php:47) in E:\dev\ucdevsolutions\intelevue_sections\alternate_section1_video.php on line 72
[20-Sep-2016 16:30:33 America/New_York] PHP Warning:  Cannot modify header information - headers already sent by (output started at E:\dev\ucdevsolutions\alternate_multi_header.php:47) in E:\dev\ucdevsolutions\intelevue_sections\alternate_section1_video.php on line 4
[20-Sep-2016 16:30:33 America/New_York] PHP Warning:  Cannot modify header information - headers already sent by (output started at E:\dev\ucdevsolutions\alternate_multi_header.php:47) in E:\dev\ucdevsolutions\intelevue_sections\alternate_section1_video.php on line 72
[20-Sep-2016 16:32:04 America/New_York] PHP Warning:  Cannot modify header information - headers already sent by (output started at E:\dev\ucdevsolutions\alternate_multi_header.php:47) in E:\dev\ucdevsolutions\intelevue_sections\alternate_section1_video.php on line 4
[20-Sep-2016 16:32:04 America/New_York] PHP Warning:  Cannot modify header information - headers already sent by (output started at E:\dev\ucdevsolutions\alternate_multi_header.php:47) in E:\dev\ucdevsolutions\intelevue_sections\alternate_section1_video.php on line 72
[20-Sep-2016 16:32:18 America/New_York] PHP Warning:  Cannot modify header information - headers already sent by (output started at E:\dev\ucdevsolutions\alternate_multi_header.php:47) in E:\dev\ucdevsolutions\intelevue_sections\alternate_section1_video.php on line 4
[20-Sep-2016 16:32:18 America/New_York] PHP Warning:  Cannot modify header information - headers already sent by (output started at E:\dev\ucdevsolutions\alternate_multi_header.php:47) in E:\dev\ucdevsolutions\intelevue_sections\alternate_section1_video.php on line 72
[20-Sep-2016 16:34:24 America/New_York] PHP Warning:  Cannot modify header information - headers already sent by (output started at E:\dev\ucdevsolutions\alternate_multi_header.php:47) in E:\dev\ucdevsolutions\intelevue_sections\alternate_section1_video.php on line 4
[20-Sep-2016 16:34:24 America/New_York] PHP Warning:  Cannot modify header information - headers already sent by (output started at E:\dev\ucdevsolutions\alternate_multi_header.php:47) in E:\dev\ucdevsolutions\intelevue_sections\alternate_section1_video.php on line 72
[20-Sep-2016 16:34:50 America/New_York] PHP Warning:  Cannot modify header information - headers already sent by (output started at E:\dev\ucdevsolutions\alternate_multi_header.php:47) in E:\dev\ucdevsolutions\intelevue_sections\alternate_section1_video.php on line 4
[20-Sep-2016 16:34:50 America/New_York] PHP Warning:  Cannot modify header information - headers already sent by (output started at E:\dev\ucdevsolutions\alternate_multi_header.php:47) in E:\dev\ucdevsolutions\intelevue_sections\alternate_section1_video.php on line 72
[20-Sep-2016 16:37:23 America/New_York] PHP Warning:  Cannot modify header information - headers already sent by (output started at E:\dev\ucdevsolutions\alternate_multi_header.php:47) in E:\dev\ucdevsolutions\intelevue_sections\alternate_section1_video.php on line 4
[20-Sep-2016 16:37:23 America/New_York] PHP Warning:  Cannot modify header information - headers already sent by (output started at E:\dev\ucdevsolutions\alternate_multi_header.php:47) in E:\dev\ucdevsolutions\intelevue_sections\alternate_section1_video.php on line 72
[20-Sep-2016 16:38:42 America/New_York] PHP Warning:  Cannot modify header information - headers already sent by (output started at E:\dev\ucdevsolutions\alternate_multi_header.php:47) in E:\dev\ucdevsolutions\intelevue_sections\alternate_section1_video.php on line 4
[20-Sep-2016 16:38:42 America/New_York] PHP Warning:  Cannot modify header information - headers already sent by (output started at E:\dev\ucdevsolutions\alternate_multi_header.php:47) in E:\dev\ucdevsolutions\intelevue_sections\alternate_section1_video.php on line 72
[20-Sep-2016 16:42:10 America/New_York] PHP Warning:  Cannot modify header information - headers already sent by (output started at E:\dev\ucdevsolutions\alternate_multi_header.php:47) in E:\dev\ucdevsolutions\intelevue_sections\alternate_section1_video.php on line 4
[20-Sep-2016 16:42:10 America/New_York] PHP Warning:  Cannot modify header information - headers already sent by (output started at E:\dev\ucdevsolutions\alternate_multi_header.php:47) in E:\dev\ucdevsolutions\intelevue_sections\alternate_section1_video.php on line 72
[20-Sep-2016 16:42:52 America/New_York] PHP Warning:  Cannot modify header information - headers already sent by (output started at E:\dev\ucdevsolutions\alternate_multi_header.php:47) in E:\dev\ucdevsolutions\intelevue_sections\alternate_section1_video.php on line 4
[20-Sep-2016 16:42:52 America/New_York] PHP Warning:  Cannot modify header information - headers already sent by (output started at E:\dev\ucdevsolutions\alternate_multi_header.php:47) in E:\dev\ucdevsolutions\intelevue_sections\alternate_section1_video.php on line 72
[20-Sep-2016 16:43:45 America/New_York] PHP Warning:  Cannot modify header information - headers already sent by (output started at E:\dev\ucdevsolutions\alternate_multi_header.php:47) in E:\dev\ucdevsolutions\intelevue_sections\alternate_section1_video.php on line 4
[20-Sep-2016 16:43:45 America/New_York] PHP Warning:  Cannot modify header information - headers already sent by (output started at E:\dev\ucdevsolutions\alternate_multi_header.php:47) in E:\dev\ucdevsolutions\intelevue_sections\alternate_section1_video.php on line 72
[20-Sep-2016 16:48:22 America/New_York] PHP Warning:  Cannot modify header information - headers already sent by (output started at E:\dev\ucdevsolutions\alternate_multi_header.php:47) in E:\dev\ucdevsolutions\intelevue_sections\alternate_section1_video.php on line 4
[20-Sep-2016 16:48:22 America/New_York] PHP Warning:  Cannot modify header information - headers already sent by (output started at E:\dev\ucdevsolutions\alternate_multi_header.php:47) in E:\dev\ucdevsolutions\intelevue_sections\alternate_section1_video.php on line 72
[20-Sep-2016 16:55:23 America/New_York] PHP Warning:  Cannot modify header information - headers already sent by (output started at E:\dev\ucdevsolutions\alternate_multi_header.php:47) in E:\dev\ucdevsolutions\intelevue_sections\alternate_section1_video.php on line 4
[20-Sep-2016 16:55:23 America/New_York] PHP Warning:  Cannot modify header information - headers already sent by (output started at E:\dev\ucdevsolutions\alternate_multi_header.php:47) in E:\dev\ucdevsolutions\intelevue_sections\alternate_section1_video.php on line 72
[20-Sep-2016 16:58:49 America/New_York] PHP Warning:  Cannot modify header information - headers already sent by (output started at E:\dev\ucdevsolutions\alternate_multi_header.php:47) in E:\dev\ucdevsolutions\intelevue_sections\alternate_section1_video.php on line 4
[20-Sep-2016 16:58:49 America/New_York] PHP Warning:  Cannot modify header information - headers already sent by (output started at E:\dev\ucdevsolutions\alternate_multi_header.php:47) in E:\dev\ucdevsolutions\intelevue_sections\alternate_section1_video.php on line 72
[21-Sep-2016 08:06:11 America/New_York] PHP Warning:  Cannot modify header information - headers already sent by (output started at E:\dev\ucdevsolutions\alternate_multi_header.php:47) in E:\dev\ucdevsolutions\intelevue_sections\alternate_section1_video.php on line 4
[21-Sep-2016 08:06:11 America/New_York] PHP Warning:  Cannot modify header information - headers already sent by (output started at E:\dev\ucdevsolutions\alternate_multi_header.php:47) in E:\dev\ucdevsolutions\intelevue_sections\alternate_section1_video.php on line 72
[21-Sep-2016 08:16:16 America/New_York] PHP Warning:  Cannot modify header information - headers already sent by (output started at E:\dev\ucdevsolutions\alternate_multi_header.php:47) in E:\dev\ucdevsolutions\intelevue_sections\alternate_section1_video.php on line 4
[21-Sep-2016 08:16:16 America/New_York] PHP Warning:  Cannot modify header information - headers already sent by (output started at E:\dev\ucdevsolutions\alternate_multi_header.php:47) in E:\dev\ucdevsolutions\intelevue_sections\alternate_section1_video.php on line 72
[21-Sep-2016 08:34:25 America/New_York] PHP Warning:  Cannot modify header information - headers already sent by (output started at E:\dev\ucdevsolutions\alternate_multi_header.php:47) in E:\dev\ucdevsolutions\intelevue_sections\alternate_section1_video.php on line 4
[21-Sep-2016 08:34:25 America/New_York] PHP Warning:  Cannot modify header information - headers already sent by (output started at E:\dev\ucdevsolutions\alternate_multi_header.php:47) in E:\dev\ucdevsolutions\intelevue_sections\alternate_section1_video.php on line 72
[21-Sep-2016 08:35:12 America/New_York] PHP Warning:  Cannot modify header information - headers already sent by (output started at E:\dev\ucdevsolutions\alternate_multi_header.php:47) in E:\dev\ucdevsolutions\intelevue_sections\alternate_section1_video.php on line 4
[21-Sep-2016 08:35:12 America/New_York] PHP Warning:  Cannot modify header information - headers already sent by (output started at E:\dev\ucdevsolutions\alternate_multi_header.php:47) in E:\dev\ucdevsolutions\intelevue_sections\alternate_section1_video.php on line 72
[21-Sep-2016 08:39:55 America/New_York] PHP Warning:  Cannot modify header information - headers already sent by (output started at E:\dev\ucdevsolutions\alternate_multi_header.php:47) in E:\dev\ucdevsolutions\intelevue_sections\alternate_section1_video.php on line 4
[21-Sep-2016 08:39:55 America/New_York] PHP Warning:  Cannot modify header information - headers already sent by (output started at E:\dev\ucdevsolutions\alternate_multi_header.php:47) in E:\dev\ucdevsolutions\intelevue_sections\alternate_section1_video.php on line 72
[21-Sep-2016 08:41:29 America/New_York] PHP Warning:  Cannot modify header information - headers already sent by (output started at E:\dev\ucdevsolutions\alternate_multi_header.php:47) in E:\dev\ucdevsolutions\intelevue_sections\alternate_section1_video.php on line 4
[21-Sep-2016 08:41:29 America/New_York] PHP Warning:  Cannot modify header information - headers already sent by (output started at E:\dev\ucdevsolutions\alternate_multi_header.php:47) in E:\dev\ucdevsolutions\intelevue_sections\alternate_section1_video.php on line 72
[21-Sep-2016 08:48:55 America/New_York] PHP Warning:  Cannot modify header information - headers already sent by (output started at E:\dev\ucdevsolutions\alternate_multi_header.php:47) in E:\dev\ucdevsolutions\intelevue_sections\alternate_section1_video.php on line 4
[21-Sep-2016 08:48:55 America/New_York] PHP Warning:  Cannot modify header information - headers already sent by (output started at E:\dev\ucdevsolutions\alternate_multi_header.php:47) in E:\dev\ucdevsolutions\intelevue_sections\alternate_section1_video.php on line 72
[21-Sep-2016 09:11:51 America/New_York] PHP Warning:  Cannot modify header information - headers already sent by (output started at E:\dev\ucdevsolutions\alternate_multi_header.php:47) in E:\dev\ucdevsolutions\intelevue_sections\alternate_section1_video.php on line 4
[21-Sep-2016 09:11:51 America/New_York] PHP Warning:  Cannot modify header information - headers already sent by (output started at E:\dev\ucdevsolutions\alternate_multi_header.php:47) in E:\dev\ucdevsolutions\intelevue_sections\alternate_section1_video.php on line 72
[21-Sep-2016 09:11:57 America/New_York] PHP Warning:  Cannot modify header information - headers already sent by (output started at E:\dev\ucdevsolutions\alternate_multi_header.php:47) in E:\dev\ucdevsolutions\intelevue_sections\alternate_section1_video.php on line 4
[21-Sep-2016 09:11:57 America/New_York] PHP Warning:  Cannot modify header information - headers already sent by (output started at E:\dev\ucdevsolutions\alternate_multi_header.php:47) in E:\dev\ucdevsolutions\intelevue_sections\alternate_section1_video.php on line 72
[21-Sep-2016 09:21:33 America/New_York] PHP Warning:  Cannot modify header information - headers already sent by (output started at E:\dev\ucdevsolutions\alternate_multi_header.php:47) in E:\dev\ucdevsolutions\intelevue_sections\alternate_section1_video.php on line 4
[21-Sep-2016 09:21:33 America/New_York] PHP Warning:  Cannot modify header information - headers already sent by (output started at E:\dev\ucdevsolutions\alternate_multi_header.php:47) in E:\dev\ucdevsolutions\intelevue_sections\alternate_section1_video.php on line 72
[21-Sep-2016 09:22:32 America/New_York] PHP Warning:  Cannot modify header information - headers already sent by (output started at E:\dev\ucdevsolutions\alternate_multi_header.php:47) in E:\dev\ucdevsolutions\intelevue_sections\alternate_section1_video.php on line 4
[21-Sep-2016 09:22:32 America/New_York] PHP Warning:  Cannot modify header information - headers already sent by (output started at E:\dev\ucdevsolutions\alternate_multi_header.php:47) in E:\dev\ucdevsolutions\intelevue_sections\alternate_section1_video.php on line 72
[21-Sep-2016 09:23:56 America/New_York] PHP Warning:  Cannot modify header information - headers already sent by (output started at E:\dev\ucdevsolutions\alternate_multi_header.php:47) in E:\dev\ucdevsolutions\intelevue_sections\alternate_section1_video.php on line 4
[21-Sep-2016 09:23:56 America/New_York] PHP Warning:  Cannot modify header information - headers already sent by (output started at E:\dev\ucdevsolutions\alternate_multi_header.php:47) in E:\dev\ucdevsolutions\intelevue_sections\alternate_section1_video.php on line 72
[21-Sep-2016 09:25:02 America/New_York] PHP Warning:  Cannot modify header information - headers already sent by (output started at E:\dev\ucdevsolutions\alternate_multi_header.php:47) in E:\dev\ucdevsolutions\intelevue_sections\alternate_section1_video.php on line 4
[21-Sep-2016 09:25:02 America/New_York] PHP Warning:  Cannot modify header information - headers already sent by (output started at E:\dev\ucdevsolutions\alternate_multi_header.php:47) in E:\dev\ucdevsolutions\intelevue_sections\alternate_section1_video.php on line 72
[21-Sep-2016 09:25:34 America/New_York] PHP Warning:  Cannot modify header information - headers already sent by (output started at E:\dev\ucdevsolutions\alternate_multi_header.php:47) in E:\dev\ucdevsolutions\intelevue_sections\alternate_section1_video.php on line 4
[21-Sep-2016 09:25:34 America/New_York] PHP Warning:  Cannot modify header information - headers already sent by (output started at E:\dev\ucdevsolutions\alternate_multi_header.php:47) in E:\dev\ucdevsolutions\intelevue_sections\alternate_section1_video.php on line 72
[21-Sep-2016 09:26:32 America/New_York] PHP Warning:  Cannot modify header information - headers already sent by (output started at E:\dev\ucdevsolutions\alternate_multi_header.php:47) in E:\dev\ucdevsolutions\intelevue_sections\alternate_section1_video.php on line 4
[21-Sep-2016 09:26:32 America/New_York] PHP Warning:  Cannot modify header information - headers already sent by (output started at E:\dev\ucdevsolutions\alternate_multi_header.php:47) in E:\dev\ucdevsolutions\intelevue_sections\alternate_section1_video.php on line 72
[21-Sep-2016 10:04:56 America/New_York] PHP Warning:  Cannot modify header information - headers already sent by (output started at E:\dev\ucdevsolutions\alternate_multi_header.php:47) in E:\dev\ucdevsolutions\intelevue_sections\alternate_section1_video.php on line 4
[21-Sep-2016 10:04:56 America/New_York] PHP Warning:  Cannot modify header information - headers already sent by (output started at E:\dev\ucdevsolutions\alternate_multi_header.php:47) in E:\dev\ucdevsolutions\intelevue_sections\alternate_section1_video.php on line 72
[21-Sep-2016 11:10:53 America/New_York] PHP Warning:  Cannot modify header information - headers already sent by (output started at E:\dev\ucdevsolutions\alternate_multi_header.php:46) in E:\dev\ucdevsolutions\intelevue_sections\alternate_section1_video.php on line 4
[21-Sep-2016 11:10:53 America/New_York] PHP Warning:  Cannot modify header information - headers already sent by (output started at E:\dev\ucdevsolutions\alternate_multi_header.php:46) in E:\dev\ucdevsolutions\intelevue_sections\alternate_section1_video.php on line 72
[21-Sep-2016 11:14:01 America/New_York] PHP Warning:  Cannot modify header information - headers already sent by (output started at E:\dev\ucdevsolutions\alternate_multi_header.php:46) in E:\dev\ucdevsolutions\intelevue_sections\alternate_section1_video.php on line 4
[21-Sep-2016 11:14:01 America/New_York] PHP Warning:  Cannot modify header information - headers already sent by (output started at E:\dev\ucdevsolutions\alternate_multi_header.php:46) in E:\dev\ucdevsolutions\intelevue_sections\alternate_section1_video.php on line 72
[21-Sep-2016 11:14:38 America/New_York] PHP Warning:  Cannot modify header information - headers already sent by (output started at E:\dev\ucdevsolutions\alternate_multi_header.php:46) in E:\dev\ucdevsolutions\intelevue_sections\alternate_section1_video.php on line 4
[21-Sep-2016 11:14:38 America/New_York] PHP Warning:  Cannot modify header information - headers already sent by (output started at E:\dev\ucdevsolutions\alternate_multi_header.php:46) in E:\dev\ucdevsolutions\intelevue_sections\alternate_section1_video.php on line 72
[21-Sep-2016 11:25:48 America/New_York] PHP Warning:  Cannot modify header information - headers already sent by (output started at E:\dev\ucdevsolutions\alternate_multi_header.php:46) in E:\dev\ucdevsolutions\intelevue_sections\alternate_section1_video.php on line 4
[21-Sep-2016 11:25:48 America/New_York] PHP Warning:  Cannot modify header information - headers already sent by (output started at E:\dev\ucdevsolutions\alternate_multi_header.php:46) in E:\dev\ucdevsolutions\intelevue_sections\alternate_section1_video.php on line 72
[21-Sep-2016 13:22:49 America/New_York] PHP Warning:  Cannot modify header information - headers already sent by (output started at E:\dev\ucdevsolutions\alternate_multi_header.php:46) in E:\dev\ucdevsolutions\intelevue_sections\alternate_section1_video.php on line 4
[21-Sep-2016 13:22:49 America/New_York] PHP Warning:  Cannot modify header information - headers already sent by (output started at E:\dev\ucdevsolutions\alternate_multi_header.php:46) in E:\dev\ucdevsolutions\intelevue_sections\alternate_section1_video.php on line 72
[21-Sep-2016 13:49:34 America/New_York] PHP Warning:  Cannot modify header information - headers already sent by (output started at E:\dev\ucdevsolutions\alternate_multi_header.php:46) in E:\dev\ucdevsolutions\intelevue_sections\alternate_section1_video.php on line 4
[21-Sep-2016 13:49:34 America/New_York] PHP Warning:  Cannot modify header information - headers already sent by (output started at E:\dev\ucdevsolutions\alternate_multi_header.php:46) in E:\dev\ucdevsolutions\intelevue_sections\alternate_section1_video.php on line 72
[21-Sep-2016 13:52:02 America/New_York] PHP Warning:  Cannot modify header information - headers already sent by (output started at E:\dev\ucdevsolutions\alternate_multi_header.php:46) in E:\dev\ucdevsolutions\intelevue_sections\alternate_section1_video.php on line 4
[21-Sep-2016 13:52:02 America/New_York] PHP Warning:  Cannot modify header information - headers already sent by (output started at E:\dev\ucdevsolutions\alternate_multi_header.php:46) in E:\dev\ucdevsolutions\intelevue_sections\alternate_section1_video.php on line 72
[21-Sep-2016 15:32:23 America/New_York] PHP Warning:  Cannot modify header information - headers already sent by (output started at E:\dev\ucdevsolutions\alternate_multi_header.php:46) in E:\dev\ucdevsolutions\intelevue_sections\alternate_section1_video.php on line 4
[21-Sep-2016 15:32:23 America/New_York] PHP Warning:  Cannot modify header information - headers already sent by (output started at E:\dev\ucdevsolutions\alternate_multi_header.php:46) in E:\dev\ucdevsolutions\intelevue_sections\alternate_section1_video.php on line 72
[21-Sep-2016 16:10:19 America/New_York] PHP Warning:  Cannot modify header information - headers already sent by (output started at E:\dev\ucdevsolutions\alternate_multi_header.php:46) in E:\dev\ucdevsolutions\intelevue_sections\alternate_section1_video.php on line 4
[21-Sep-2016 16:10:19 America/New_York] PHP Warning:  Cannot modify header information - headers already sent by (output started at E:\dev\ucdevsolutions\alternate_multi_header.php:46) in E:\dev\ucdevsolutions\intelevue_sections\alternate_section1_video.php on line 72
[21-Sep-2016 16:11:43 America/New_York] PHP Warning:  Cannot modify header information - headers already sent by (output started at E:\dev\ucdevsolutions\alternate_multi_header.php:46) in E:\dev\ucdevsolutions\intelevue_sections\alternate_section1_video.php on line 4
[21-Sep-2016 16:11:43 America/New_York] PHP Warning:  Cannot modify header information - headers already sent by (output started at E:\dev\ucdevsolutions\alternate_multi_header.php:46) in E:\dev\ucdevsolutions\intelevue_sections\alternate_section1_video.php on line 72
[21-Sep-2016 16:11:51 America/New_York] PHP Warning:  Cannot modify header information - headers already sent by (output started at E:\dev\ucdevsolutions\alternate_multi_header.php:46) in E:\dev\ucdevsolutions\intelevue_sections\alternate_section1_video.php on line 4
[21-Sep-2016 16:11:51 America/New_York] PHP Warning:  Cannot modify header information - headers already sent by (output started at E:\dev\ucdevsolutions\alternate_multi_header.php:46) in E:\dev\ucdevsolutions\intelevue_sections\alternate_section1_video.php on line 72
[21-Sep-2016 16:12:09 America/New_York] PHP Warning:  Cannot modify header information - headers already sent by (output started at E:\dev\ucdevsolutions\alternate_multi_header.php:46) in E:\dev\ucdevsolutions\intelevue_sections\alternate_section1_video.php on line 4
[21-Sep-2016 16:12:09 America/New_York] PHP Warning:  Cannot modify header information - headers already sent by (output started at E:\dev\ucdevsolutions\alternate_multi_header.php:46) in E:\dev\ucdevsolutions\intelevue_sections\alternate_section1_video.php on line 72
[21-Sep-2016 16:17:26 America/New_York] PHP Warning:  Cannot modify header information - headers already sent by (output started at E:\dev\ucdevsolutions\alternate_multi_header.php:46) in E:\dev\ucdevsolutions\intelevue_sections\alternate_section1_video.php on line 4
[21-Sep-2016 16:17:26 America/New_York] PHP Warning:  Cannot modify header information - headers already sent by (output started at E:\dev\ucdevsolutions\alternate_multi_header.php:46) in E:\dev\ucdevsolutions\intelevue_sections\alternate_section1_video.php on line 72
[21-Sep-2016 16:20:23 America/New_York] PHP Warning:  Cannot modify header information - headers already sent by (output started at E:\dev\ucdevsolutions\alternate_multi_header.php:46) in E:\dev\ucdevsolutions\intelevue_sections\alternate_section1_video.php on line 4
[21-Sep-2016 16:20:23 America/New_York] PHP Warning:  Cannot modify header information - headers already sent by (output started at E:\dev\ucdevsolutions\alternate_multi_header.php:46) in E:\dev\ucdevsolutions\intelevue_sections\alternate_section1_video.php on line 72
[21-Sep-2016 16:31:09 America/New_York] PHP Warning:  Cannot modify header information - headers already sent by (output started at E:\dev\ucdevsolutions\alternate_multi_header.php:46) in E:\dev\ucdevsolutions\intelevue_sections\alternate_section1_video.php on line 4
[21-Sep-2016 16:31:09 America/New_York] PHP Warning:  Cannot modify header information - headers already sent by (output started at E:\dev\ucdevsolutions\alternate_multi_header.php:46) in E:\dev\ucdevsolutions\intelevue_sections\alternate_section1_video.php on line 72
[21-Sep-2016 16:31:29 America/New_York] PHP Warning:  Cannot modify header information - headers already sent by (output started at E:\dev\ucdevsolutions\alternate_multi_header.php:46) in E:\dev\ucdevsolutions\intelevue_sections\alternate_section1_video.php on line 4
[21-Sep-2016 16:31:29 America/New_York] PHP Warning:  Cannot modify header information - headers already sent by (output started at E:\dev\ucdevsolutions\alternate_multi_header.php:46) in E:\dev\ucdevsolutions\intelevue_sections\alternate_section1_video.php on line 72
[21-Sep-2016 16:31:33 America/New_York] PHP Warning:  Cannot modify header information - headers already sent by (output started at E:\dev\ucdevsolutions\alternate_multi_header.php:46) in E:\dev\ucdevsolutions\intelevue_sections\alternate_section1_video.php on line 4
[21-Sep-2016 16:31:33 America/New_York] PHP Warning:  Cannot modify header information - headers already sent by (output started at E:\dev\ucdevsolutions\alternate_multi_header.php:46) in E:\dev\ucdevsolutions\intelevue_sections\alternate_section1_video.php on line 72
[21-Sep-2016 16:55:42 America/New_York] PHP Warning:  Cannot modify header information - headers already sent by (output started at E:\dev\ucdevsolutions\alternate_multi_header.php:46) in E:\dev\ucdevsolutions\intelevue_sections\alternate_section1_video.php on line 4
[21-Sep-2016 16:55:42 America/New_York] PHP Warning:  Cannot modify header information - headers already sent by (output started at E:\dev\ucdevsolutions\alternate_multi_header.php:46) in E:\dev\ucdevsolutions\intelevue_sections\alternate_section1_video.php on line 72
[21-Sep-2016 17:04:13 America/New_York] PHP Warning:  Cannot modify header information - headers already sent by (output started at E:\dev\ucdevsolutions\alternate_multi_header.php:46) in E:\dev\ucdevsolutions\intelevue_sections\alternate_section1_video.php on line 4
[21-Sep-2016 17:04:13 America/New_York] PHP Warning:  Cannot modify header information - headers already sent by (output started at E:\dev\ucdevsolutions\alternate_multi_header.php:46) in E:\dev\ucdevsolutions\intelevue_sections\alternate_section1_video.php on line 72
[22-Sep-2016 08:30:17 America/New_York] PHP Warning:  Cannot modify header information - headers already sent by (output started at E:\dev\ucdevsolutions\alternate_multi_header.php:46) in E:\dev\ucdevsolutions\intelevue_sections\alternate_section1_video.php on line 4
[22-Sep-2016 08:30:17 America/New_York] PHP Warning:  Cannot modify header information - headers already sent by (output started at E:\dev\ucdevsolutions\alternate_multi_header.php:46) in E:\dev\ucdevsolutions\intelevue_sections\alternate_section1_video.php on line 72
[22-Sep-2016 10:20:20 America/New_York] PHP Warning:  Cannot modify header information - headers already sent by (output started at E:\dev\ucdevsolutions\alternate_multi_header.php:46) in E:\dev\ucdevsolutions\intelevue_sections\alternate_section1_video.php on line 4
[22-Sep-2016 10:20:20 America/New_York] PHP Warning:  Cannot modify header information - headers already sent by (output started at E:\dev\ucdevsolutions\alternate_multi_header.php:46) in E:\dev\ucdevsolutions\intelevue_sections\alternate_section1_video.php on line 72
[22-Sep-2016 10:42:06 America/New_York] PHP Warning:  Cannot modify header information - headers already sent by (output started at E:\dev\ucdevsolutions\alternate_multi_header.php:46) in E:\dev\ucdevsolutions\intelevue_sections\alternate_section1_video.php on line 4
[22-Sep-2016 10:42:06 America/New_York] PHP Warning:  Cannot modify header information - headers already sent by (output started at E:\dev\ucdevsolutions\alternate_multi_header.php:46) in E:\dev\ucdevsolutions\intelevue_sections\alternate_section1_video.php on line 72
[22-Sep-2016 15:01:47 America/New_York] PHP Warning:  Cannot modify header information - headers already sent by (output started at E:\dev\ucdevsolutions\alternate_multi_header.php:46) in E:\dev\ucdevsolutions\intelevue_sections\alternate_section1_video.php on line 4
[22-Sep-2016 15:01:47 America/New_York] PHP Warning:  Cannot modify header information - headers already sent by (output started at E:\dev\ucdevsolutions\alternate_multi_header.php:46) in E:\dev\ucdevsolutions\intelevue_sections\alternate_section1_video.php on line 72
[22-Sep-2016 16:56:02 America/New_York] PHP Warning:  Cannot modify header information - headers already sent by (output started at E:\dev\ucdevsolutions\alternate_multi_header.php:46) in E:\dev\ucdevsolutions\intelevue_sections\alternate_section1_video.php on line 4
[22-Sep-2016 16:56:02 America/New_York] PHP Warning:  Cannot modify header information - headers already sent by (output started at E:\dev\ucdevsolutions\alternate_multi_header.php:46) in E:\dev\ucdevsolutions\intelevue_sections\alternate_section1_video.php on line 72
[23-Sep-2016 08:17:55 America/New_York] PHP Warning:  Cannot modify header information - headers already sent by (output started at E:\dev\ucdevsolutions\alternate_multi_header.php:46) in E:\dev\ucdevsolutions\intelevue_sections\alternate_section1_video.php on line 4
[23-Sep-2016 08:17:55 America/New_York] PHP Warning:  Cannot modify header information - headers already sent by (output started at E:\dev\ucdevsolutions\alternate_multi_header.php:46) in E:\dev\ucdevsolutions\intelevue_sections\alternate_section1_video.php on line 72
[23-Sep-2016 08:21:30 America/New_York] PHP Warning:  Cannot modify header information - headers already sent by (output started at E:\dev\ucdevsolutions\alternate_multi_header.php:46) in E:\dev\ucdevsolutions\intelevue_sections\alternate_section1_video.php on line 4
[23-Sep-2016 08:21:30 America/New_York] PHP Warning:  Cannot modify header information - headers already sent by (output started at E:\dev\ucdevsolutions\alternate_multi_header.php:46) in E:\dev\ucdevsolutions\intelevue_sections\alternate_section1_video.php on line 72
[23-Sep-2016 08:21:55 America/New_York] PHP Warning:  Cannot modify header information - headers already sent by (output started at E:\dev\ucdevsolutions\alternate_multi_header.php:46) in E:\dev\ucdevsolutions\intelevue_sections\alternate_section1_video.php on line 4
[23-Sep-2016 08:21:55 America/New_York] PHP Warning:  Cannot modify header information - headers already sent by (output started at E:\dev\ucdevsolutions\alternate_multi_header.php:46) in E:\dev\ucdevsolutions\intelevue_sections\alternate_section1_video.php on line 72
[23-Sep-2016 08:22:10 America/New_York] PHP Warning:  Cannot modify header information - headers already sent by (output started at E:\dev\ucdevsolutions\alternate_multi_header.php:46) in E:\dev\ucdevsolutions\intelevue_sections\alternate_section1_video.php on line 4
[23-Sep-2016 08:22:10 America/New_York] PHP Warning:  Cannot modify header information - headers already sent by (output started at E:\dev\ucdevsolutions\alternate_multi_header.php:46) in E:\dev\ucdevsolutions\intelevue_sections\alternate_section1_video.php on line 72
[23-Sep-2016 08:23:26 America/New_York] PHP Warning:  Cannot modify header information - headers already sent by (output started at E:\dev\ucdevsolutions\alternate_multi_header.php:46) in E:\dev\ucdevsolutions\intelevue_sections\alternate_section1_video.php on line 4
[23-Sep-2016 08:23:26 America/New_York] PHP Warning:  Cannot modify header information - headers already sent by (output started at E:\dev\ucdevsolutions\alternate_multi_header.php:46) in E:\dev\ucdevsolutions\intelevue_sections\alternate_section1_video.php on line 72
[23-Sep-2016 08:42:41 America/New_York] PHP Warning:  Cannot modify header information - headers already sent by (output started at E:\dev\ucdevsolutions\alternate_multi_header.php:46) in E:\dev\ucdevsolutions\intelevue_sections\alternate_section1_video.php on line 4
[23-Sep-2016 08:42:41 America/New_York] PHP Warning:  Cannot modify header information - headers already sent by (output started at E:\dev\ucdevsolutions\alternate_multi_header.php:46) in E:\dev\ucdevsolutions\intelevue_sections\alternate_section1_video.php on line 72
[23-Sep-2016 08:45:09 America/New_York] PHP Warning:  Cannot modify header information - headers already sent by (output started at E:\dev\ucdevsolutions\alternate_multi_header.php:46) in E:\dev\ucdevsolutions\intelevue_sections\alternate_section1_video.php on line 4
[23-Sep-2016 08:45:09 America/New_York] PHP Warning:  Cannot modify header information - headers already sent by (output started at E:\dev\ucdevsolutions\alternate_multi_header.php:46) in E:\dev\ucdevsolutions\intelevue_sections\alternate_section1_video.php on line 72
